[INFO] Scanning for projects...
[INFO] 
[INFO] -------------------------< com.dummy:kdbjdbc >--------------------------
[INFO] Building kdbjdbc 0.1
[INFO] --------------------------------[ jar ]---------------------------------
[INFO] 
[INFO] --- maven-resources-plugin:2.6:resources (default-resources) @ kdbjdbc ---
[WARNING] Using platform encoding (UTF-8 actually) to copy filtered resources, i.e. build is platform dependent!
[INFO] Copying 2 resources
[INFO] 
[INFO] --- maven-compiler-plugin:3.1:compile (default-compile) @ kdbjdbc ---
[INFO] Nothing to compile - all classes are up to date
[INFO] 
[INFO] --- maven-resources-plugin:2.6:testResources (default-testResources) @ kdbjdbc ---
[WARNING] Using platform encoding (UTF-8 actually) to copy filtered resources, i.e. build is platform dependent!
[INFO] skip non existing resourceDirectory /workspace/kdbjdbc/src/test/resources
[INFO] 
[INFO] --- maven-compiler-plugin:3.1:testCompile (default-testCompile) @ kdbjdbc ---
[INFO] Nothing to compile - all classes are up to date
[INFO] 
[INFO] --- maven-surefire-plugin:2.12.4:test (default-test) @ kdbjdbc ---
[INFO] Surefire report directory: /workspace/kdbjdbc/target/surefire-reports

-------------------------------------------------------
 T E S T S
-------------------------------------------------------
Picked up JAVA_TOOL_OPTIONS: -Xmx2254m
Running jp.mufg.kdbjdbc.DriverTest
Thu Jun 25 01:40:40 UTC 2020 jp.mufg.kdbjdbc.KdbDriver[INFO] registering KdbDriver...
Thu Jun 25 01:40:40 UTC 2020 jp.mufg.logjdbc.LogDriver[INFO] registering LogDriver...
Thu Jun 25 01:40:40 UTC 2020 jp.mufg.logjdbc.LogDriver[INFO] LogDriver connect jdbc:log:jdbc:kdb:localhost:5001 {password=password_dummy, user=user_dummy}
Thu Jun 25 01:40:40 UTC 2020 jp.mufg.logjdbc.LogDriver[INFO] new url jdbc:kdb:localhost:5001
Thu Jun 25 01:40:40 UTC 2020 jp.mufg.kdbjdbc.KdbDriver[INFO] KdbDriver connect jdbc:kdb:localhost:5001 {password=password_dummy, user=user_dummy}
Thu Jun 25 01:40:40 UTC 2020 jp.mufg.kdbjdbc.KdbDriver[INFO] KdbDriver connecting to jdbc:q:localhost:5001 {password=password_dummy, user=user_dummy}
Thu Jun 25 01:40:40 UTC 2020 jp.mufg.kdbjdbc.KdbStatement[INFO] executeQuery:q) flip ( `name`lg ! (`abc`def; 1 2) )
Thu Jun 25 01:40:40 UTC 2020 jp.mufg.logjdbc.LogDriver[INFO] LogDriver connect jdbc:log:jdbc:kdb:localhost:5001 {password=password_dummy, user=user_dummy}
Thu Jun 25 01:40:40 UTC 2020 jp.mufg.logjdbc.LogDriver[INFO] new url jdbc:kdb:localhost:5001
Thu Jun 25 01:40:40 UTC 2020 jp.mufg.kdbjdbc.KdbDriver[INFO] KdbDriver connect jdbc:kdb:localhost:5001 {password=password_dummy, user=user_dummy}
Thu Jun 25 01:40:40 UTC 2020 jp.mufg.kdbjdbc.KdbDriver[INFO] KdbDriver connecting to jdbc:q:localhost:5001 {password=password_dummy, user=user_dummy}
Thu Jun 25 01:40:40 UTC 2020 jp.mufg.kdbjdbc.KdbStatement[INFO] executeQuery:q) select lg from t2
Thu Jun 25 01:40:40 UTC 2020 jp.mufg.logjdbc.LogDriver[INFO] LogDriver connect jdbc:log:jdbc:kdb:localhost:5001 {password=password_dummy, user=user_dummy}
Thu Jun 25 01:40:40 UTC 2020 jp.mufg.logjdbc.LogDriver[INFO] new url jdbc:kdb:localhost:5001
Thu Jun 25 01:40:40 UTC 2020 jp.mufg.kdbjdbc.KdbDriver[INFO] KdbDriver connect jdbc:kdb:localhost:5001 {password=password_dummy, user=user_dummy}
Thu Jun 25 01:40:40 UTC 2020 jp.mufg.kdbjdbc.KdbDriver[INFO] KdbDriver connecting to jdbc:q:localhost:5001 {password=password_dummy, user=user_dummy}
Thu Jun 25 01:40:40 UTC 2020 jp.mufg.kdbjdbc.KdbConnection[INFO] prepareStatement:q) select lg from t2
Thu Jun 25 01:40:40 UTC 2020 jp.mufg.logjdbc.LogDriver[INFO] LogDriver connect jdbc:log:jdbc:kdb:localhost:5001 {password=password_dummy, user=user_dummy, logdir=.}
Thu Jun 25 01:40:40 UTC 2020 jp.mufg.logjdbc.LogDriver[INFO] new url jdbc:kdb:localhost:5001
setting logdir .
Thu Jun 25 01:40:40 UTC 2020 jp.mufg.kdbjdbc.KdbDriver[INFO] KdbDriver connect jdbc:kdb:localhost:5001 {password=password_dummy, user=user_dummy}
Thu Jun 25 01:40:40 UTC 2020 jp.mufg.kdbjdbc.KdbDriver[INFO] KdbDriver connecting to jdbc:q:localhost:5001 {password=password_dummy, user=user_dummy}
Thu Jun 25 01:40:40 UTC 2020 jp.mufg.kdbjdbc.KdbDatabaseMetaData[INFO] getColumns: q) flip `TABLE_CAT`TABLE_SCHEM`TABLE_NAME`COLUMN_NAME`COLUMN_TYPE!( (count(cols MarketBooks))#(enlist `catalog1); (count(cols MarketBooks))#(enlist `schema1); (count(cols MarketBooks))#(enlist `MarketBooks); cols MarketBooks; (value meta MarketBooks)[;`t] )
Tests run: 4, Failures: 0, Errors: 1, Skipped: 0, Time elapsed: 0.263 sec <<< FAILURE!
test_DatabaseMetadata_columns(jp.mufg.kdbjdbc.DriverTest)  Time elapsed: 0.017 sec  <<< ERROR!
java.lang.ArrayIndexOutOfBoundsException: Index 5 out of bounds for length 5
	at jdbc$rs.getObject(jdbc.java:405)
	at jdbc$rs.getString(jdbc.java:413)
	at jdbc$rs.getString(jdbc.java:430)
	at jp.mufg.kdbjdbc.DriverTest.test_DatabaseMetadata_columns(DriverTest.java:31)
	at java.base/jdk.internal.reflect.NativeMethodAccessorImpl.invoke0(Native Method)
	at java.base/jdk.internal.reflect.NativeMethodAccessorImpl.invoke(NativeMethodAccessorImpl.java:62)
	at java.base/jdk.internal.reflect.DelegatingMethodAccessorImpl.invoke(DelegatingMethodAccessorImpl.java:43)
	at java.base/java.lang.reflect.Method.invoke(Method.java:566)
	at org.junit.runners.model.FrameworkMethod$1.runReflectiveCall(FrameworkMethod.java:50)
	at org.junit.internal.runners.model.ReflectiveCallable.run(ReflectiveCallable.java:12)
	at org.junit.runners.model.FrameworkMethod.invokeExplosively(FrameworkMethod.java:47)
	at org.junit.internal.runners.statements.InvokeMethod.evaluate(InvokeMethod.java:17)
	at org.junit.runners.ParentRunner.runLeaf(ParentRunner.java:325)
	at org.junit.runners.BlockJUnit4ClassRunner.runChild(BlockJUnit4ClassRunner.java:78)
	at org.junit.runners.BlockJUnit4ClassRunner.runChild(BlockJUnit4ClassRunner.java:57)
	at org.junit.runners.ParentRunner$3.run(ParentRunner.java:290)
	at org.junit.runners.ParentRunner$1.schedule(ParentRunner.java:71)
	at org.junit.runners.ParentRunner.runChildren(ParentRunner.java:288)
	at org.junit.runners.ParentRunner.access$000(ParentRunner.java:58)
	at org.junit.runners.ParentRunner$2.evaluate(ParentRunner.java:268)
	at org.junit.runners.ParentRunner.run(ParentRunner.java:363)
	at org.apache.maven.surefire.junit4.JUnit4Provider.execute(JUnit4Provider.java:252)
	at org.apache.maven.surefire.junit4.JUnit4Provider.executeTestSet(JUnit4Provider.java:141)
	at org.apache.maven.surefire.junit4.JUnit4Provider.invoke(JUnit4Provider.java:112)
	at java.base/jdk.internal.reflect.NativeMethodAccessorImpl.invoke0(Native Method)
	at java.base/jdk.internal.reflect.NativeMethodAccessorImpl.invoke(NativeMethodAccessorImpl.java:62)
	at java.base/jdk.internal.reflect.DelegatingMethodAccessorImpl.invoke(DelegatingMethodAccessorImpl.java:43)
	at java.base/java.lang.reflect.Method.invoke(Method.java:566)
	at org.apache.maven.surefire.util.ReflectionUtils.invokeMethodWithArray(ReflectionUtils.java:189)
	at org.apache.maven.surefire.booter.ProviderFactory$ProviderProxy.invoke(ProviderFactory.java:165)
	at org.apache.maven.surefire.booter.ProviderFactory.invokeProvider(ProviderFactory.java:85)
	at org.apache.maven.surefire.booter.ForkedBooter.runSuitesInProcess(ForkedBooter.java:115)
	at org.apache.maven.surefire.booter.ForkedBooter.main(ForkedBooter.java:75)


Results :

Tests in error: 
  test_DatabaseMetadata_columns(jp.mufg.kdbjdbc.DriverTest): Index 5 out of bounds for length 5

Tests run: 4, Failures: 0, Errors: 1, Skipped: 0

[INFO] ------------------------------------------------------------------------
[INFO] BUILD FAILURE
[INFO] ------------------------------------------------------------------------
[INFO] Total time:  2.117 s
[INFO] Finished at: 2020-06-25T01:40:40Z
[INFO] ------------------------------------------------------------------------
[ERROR] Failed to execute goal org.apache.maven.plugins:maven-surefire-plugin:2.12.4:test (default-test) on project kdbjdbc: There are test failures.
[ERROR] 
[ERROR] Please refer to /workspace/kdbjdbc/target/surefire-reports for the individual test results.
[ERROR] -> [Help 1]
[ERROR] 
[ERROR] To see the full stack trace of the errors, re-run Maven with the -e switch.
[ERROR] Re-run Maven using the -X switch to enable full debug logging.
[ERROR] 
[ERROR] For more information about the errors and possible solutions, please read the following articles:
[ERROR] [Help 1] http://cwiki.apache.org/confluence/display/MAVEN/MojoFailureException
